-------------------------------------------------------------------------------
Test set: rw.ac.rca.termOneExam.TermOneExamApplicationTests
-------------------------------------------------------------------------------
Tests run: 1, Failures: 0, Errors: 1, Skipped: 0, Time elapsed: 11.969 s <<< FAILURE! - in rw.ac.rca.termOneExam.TermOneExamApplicationTests
contextLoads  Time elapsed: 0.016 s  <<< ERROR!
java.lang.IllegalStateException: Failed to load ApplicationContext
Caused by: org.springframework.beans.factory.BeanCreationException: 
Error creating bean with name 'dataSourceScriptDatabaseInitializer' defined in class path resource [org/springframework/boot/autoconfigure/sql/init/DataSourceInitializationConfiguration.class]: Invocation of init method failed; nested exception is org.springframework.jdbc.datasource.init.ScriptStatementFailedException: Failed to execute SQL script statement #1 of URL [file:/C:/Users/user/Documents/workspaces/DEV_OPS/termoneexam/target/classes/data.sql]: insert into item(id, name, weather) values(101,'Kigali',24); nested exception is org.h2.jdbc.JdbcSQLSyntaxErrorException: Table "ITEM" not found; SQL statement:
insert into item(id, name, weather) values(101,'Kigali',24) [42102-200]
Caused by: org.springframework.jdbc.datasource.init.ScriptStatementFailedException: 
Failed to execute SQL script statement #1 of URL [file:/C:/Users/user/Documents/workspaces/DEV_OPS/termoneexam/target/classes/data.sql]: insert into item(id, name, weather) values(101,'Kigali',24); nested exception is org.h2.jdbc.JdbcSQLSyntaxErrorException: Table "ITEM" not found; SQL statement:
insert into item(id, name, weather) values(101,'Kigali',24) [42102-200]
Caused by: org.h2.jdbc.JdbcSQLSyntaxErrorException: 
Table "ITEM" not found; SQL statement:
insert into item(id, name, weather) values(101,'Kigali',24) [42102-200]

